E:\myJump\myJump\myJump\ClientApp\dist\out-tsc\src\app\app-routing.module.js
E:\myJump\myJump\myJump\ClientApp\dist\out-tsc\src\app\app-routing.module.js.map
E:\myJump\myJump\myJump\ClientApp\dist\out-tsc\src\app\app.component.js
E:\myJump\myJump\myJump\ClientApp\dist\out-tsc\src\app\app.component.js.map
E:\myJump\myJump\myJump\ClientApp\dist\out-tsc\src\app\app.module.js
E:\myJump\myJump\myJump\ClientApp\dist\out-tsc\src\app\app.module.js.map
E:\myJump\myJump\myJump\ClientApp\dist\out-tsc\src\environments\environment.js
E:\myJump\myJump\myJump\ClientApp\dist\out-tsc\src\environments\environment.js.map
E:\myJump\myJump\myJump\ClientApp\dist\out-tsc\src\main.js
E:\myJump\myJump\myJump\ClientApp\dist\out-tsc\src\main.js.map
E:\myJump\myJump\myJump\ClientApp\dist\out-tsc\src\polyfills.js
E:\myJump\myJump\myJump\ClientApp\dist\out-tsc\src\polyfills.js.map
E:\myJump\myJump\myJump\ClientApp\dist\out-tsc\src\test.js
E:\myJump\myJump\myJump\ClientApp\dist\out-tsc\src\test.js.map
E:\myJump\myJump\myJump\ClientApp\dist\out-tsc\e2e\src\app.po.js
E:\myJump\myJump\myJump\ClientApp\dist\out-tsc\e2e\src\app.po.js.map
E:\myJump\myJump\myJump\ClientApp\dist\out-tsc\e2e\src\app.e2e-spec.js
E:\myJump\myJump\myJump\ClientApp\dist\out-tsc\e2e\src\app.e2e-spec.js.map
E:\myJump\myJump\myJump\ClientApp\dist\out-tsc\src\app\app.component.spec.js
E:\myJump\myJump\myJump\ClientApp\dist\out-tsc\src\app\app.component.spec.js.map
E:\myJump\myJump\myJump\ClientApp\dist\out-tsc\src\environments\environment.prod.js
E:\myJump\myJump\myJump\ClientApp\dist\out-tsc\src\environments\environment.prod.js.map
E:\myJump\myJump\myJump\ClientApp\dist\out-tsc\src\app\entities\product.entity.js
E:\myJump\myJump\myJump\ClientApp\dist\out-tsc\src\app\entities\product.entity.js.map
E:\myJump\myJump\myJump\ClientApp\dist\out-tsc\src\app\services\product.service.js
E:\myJump\myJump\myJump\ClientApp\dist\out-tsc\src\app\services\product.service.js.map
